<?xml version="1.0" encoding="UTF-8"?>
<testng-results ignored="0" total="6" passed="6" failed="0" skipped="0">
  <reporter-output>
  </reporter-output>
  <suite started-at="2022-04-20T21:13:52 IST" name="Suite" finished-at="2022-04-20T21:13:52 IST" duration-ms="48">
    <groups>
    </groups>
    <test started-at="2022-04-20T21:13:52 IST" name="Test" finished-at="2022-04-20T21:13:52 IST" duration-ms="48">
      <class name="qaclickacademy.Mavenjava.AppiumTest">
        <test-method signature="IOSApps()[pri:0, instance:qaclickacademy.Mavenjava.AppiumTest@2f7c2f4f]" started-at="2022-04-20T21:13:52 IST" name="IOSApps" finished-at="2022-04-20T21:13:52 IST" duration-ms="1" status="PASS">
          <reporter-output>
          </reporter-output>
        </test-method> <!-- IOSApps -->
        <test-method signature="nativeAppAndriod()[pri:0, instance:qaclickacademy.Mavenjava.AppiumTest@2f7c2f4f]" started-at="2022-04-20T21:13:52 IST" name="nativeAppAndriod" finished-at="2022-04-20T21:13:52 IST" duration-ms="1" status="PASS">
          <reporter-output>
          </reporter-output>
        </test-method> <!-- nativeAppAndriod -->
      </class> <!-- qaclickacademy.Mavenjava.AppiumTest -->
      <class name="qaclickacademy.Mavenjava.RESTAPITest">
        <test-method signature="deleteTwitter()[pri:0, instance:qaclickacademy.Mavenjava.RESTAPITest@4386f16]" started-at="2022-04-20T21:13:52 IST" name="deleteTwitter" finished-at="2022-04-20T21:13:52 IST" duration-ms="4" status="PASS">
          <reporter-output>
          </reporter-output>
        </test-method> <!-- deleteTwitter -->
        <test-method signature="postJira()[pri:0, instance:qaclickacademy.Mavenjava.RESTAPITest@4386f16]" started-at="2022-04-20T21:13:52 IST" name="postJira" finished-at="2022-04-20T21:13:52 IST" duration-ms="0" status="PASS">
          <reporter-output>
          </reporter-output>
        </test-method> <!-- postJira -->
      </class> <!-- qaclickacademy.Mavenjava.RESTAPITest -->
      <class name="qaclickacademy.Mavenjava.SeleniumTest">
        <test-method signature="browserAutomation()[pri:0, instance:qaclickacademy.Mavenjava.SeleniumTest@6af93788]" started-at="2022-04-20T21:13:52 IST" name="browserAutomation" finished-at="2022-04-20T21:13:52 IST" duration-ms="0" status="PASS">
          <reporter-output>
          </reporter-output>
        </test-method> <!-- browserAutomation -->
        <test-method signature="elementSuit()[pri:0, instance:qaclickacademy.Mavenjava.SeleniumTest@6af93788]" started-at="2022-04-20T21:13:52 IST" name="elementSuit" finished-at="2022-04-20T21:13:52 IST" duration-ms="0" status="PASS">
          <reporter-output>
          </reporter-output>
        </test-method> <!-- elementSuit -->
      </class> <!-- qaclickacademy.Mavenjava.SeleniumTest -->
    </test> <!-- Test -->
  </suite> <!-- Suite -->
</testng-results>
