<?xml version="1.0" encoding="UTF-8"?>
<testng-results ignored="0" total="1" passed="1" failed="0" skipped="0">
  <reporter-output>
  </reporter-output>
  <suite started-at="2022-04-30T14:28:31 IST" name="Default suite" finished-at="2022-04-30T14:28:41 IST" duration-ms="10270">
    <groups>
    </groups>
    <test started-at="2022-04-30T14:28:31 IST" name="Default test" finished-at="2022-04-30T14:28:41 IST" duration-ms="10270">
      <class name="qaclickacademy.Mavenjava.ExtentReportsTest">
        <test-method is-config="true" signature="config()[pri:0, instance:qaclickacademy.Mavenjava.ExtentReportsTest@53aac487]" started-at="2022-04-30T14:28:31 IST" name="config" finished-at="2022-04-30T14:28:31 IST" duration-ms="240" status="PASS">
          <reporter-output>
          </reporter-output>
        </test-method> <!-- config -->
        <test-method signature="initialDemo()[pri:0, instance:qaclickacademy.Mavenjava.ExtentReportsTest@53aac487]" started-at="2022-04-30T14:28:31 IST" name="initialDemo" finished-at="2022-04-30T14:28:41 IST" duration-ms="9997" status="PASS">
          <reporter-output>
          </reporter-output>
        </test-method> <!-- initialDemo -->
      </class> <!-- qaclickacademy.Mavenjava.ExtentReportsTest -->
    </test> <!-- Default test -->
  </suite> <!-- Default suite -->
</testng-results>
